[2025-10-22T19:54:45+05:30] IP:[::1] User:admin Action:LOGIN_SUCCESS Resource: Success:true
[2025-10-22T19:54:45+05:30] IP:[::1] User:admin Action:GET_ACCOUNTS Resource: Success:true
[2025-10-22T19:54:45+05:30] IP:[::1] User:admin Action:GET_DASHBOARD Resource: Success:true
[2025-10-22T19:54:45+05:30] IP:[::1] User:admin Action:GET_TRANSACTIONS Resource:all Success:true
[2025-10-22T19:54:47+05:30] IP:[::1] User:admin Action:GET_ACCOUNTS Resource: Success:true
[2025-10-22T19:55:01+05:30] IP:[::1] User:admin Action:ADD_ACCOUNT_SUCCESS Resource:ICICI Success:true
[2025-10-22T19:55:01+05:30] IP:[::1] User:admin Action:GET_ACCOUNTS Resource: Success:true
[2025-10-22T19:55:03+05:30] IP:[::1] User:admin Action:GET_TRANSACTIONS Resource:all Success:true
[2025-10-22T19:55:20+05:30] IP:[::1] User:admin Action:ADD_TRANSACTION_SUCCESS Resource:TRAN310825195500 Success:true
[2025-10-22T19:55:20+05:30] IP:[::1] User:admin Action:GET_TRANSACTIONS Resource:all Success:true
[2025-10-22T19:55:20+05:30] IP:[::1] User:admin Action:GET_ACCOUNTS Resource: Success:true
[2025-10-22T19:55:20+05:30] IP:[::1] User:admin Action:GET_DASHBOARD Resource: Success:true
[2025-10-22T19:55:41+05:30] IP:[::1] User:admin Action:ADD_TRANSACTION_SUCCESS Resource:TRAN010925195500 Success:true
[2025-10-22T19:55:41+05:30] IP:[::1] User:admin Action:GET_ACCOUNTS Resource: Success:true
[2025-10-22T19:55:41+05:30] IP:[::1] User:admin Action:GET_DASHBOARD Resource: Success:true
[2025-10-22T19:55:41+05:30] IP:[::1] User:admin Action:GET_TRANSACTIONS Resource:all Success:true
[2025-10-22T19:56:09+05:30] IP:[::1] User:admin Action:ADD_TRANSACTION_SUCCESS Resource:TRAN030925195500 Success:true
[2025-10-22T19:56:09+05:30] IP:[::1] User:admin Action:GET_TRANSACTIONS Resource:all Success:true
[2025-10-22T19:56:09+05:30] IP:[::1] User:admin Action:GET_ACCOUNTS Resource: Success:true
[2025-10-22T19:56:09+05:30] IP:[::1] User:admin Action:GET_DASHBOARD Resource: Success:true
[2025-10-22T19:56:32+05:30] IP:[::1] User:admin Action:GET_DASHBOARD Resource: Success:true
[2025-10-22T19:57:04+05:30] IP:[::1] User:admin Action:GET_ACCOUNTS Resource: Success:true
[2025-10-22T19:57:07+05:30] IP:[::1] User:admin Action:GET_ACCOUNTS Resource: Success:true
[2025-10-22T19:57:11+05:30] IP:[::1] User:admin Action:DELETE_ACCOUNT Resource:Transportation Success:true
[2025-10-22T19:57:11+05:30] IP:[::1] User:admin Action:ADD_ACCOUNT_SUCCESS Resource:Transportation Success:true
[2025-10-22T19:57:11+05:30] IP:[::1] User:admin Action:GET_ACCOUNTS Resource: Success:true
[2025-10-22T19:57:11+05:30] IP:[::1] User:admin Action:GET_DASHBOARD Resource: Success:true
[2025-10-22T19:57:12+05:30] IP:[::1] User:admin Action:GET_DASHBOARD Resource: Success:true
[2025-10-22T19:57:36+05:30] IP:[::1] User:admin Action:GET_TRANSACTIONS Resource:all Success:true
[2025-10-22T19:57:46+05:30] IP:[::1] User:admin Action:ADD_TRANSACTION_SUCCESS Resource:TRAN221025195700 Success:true
[2025-10-22T19:57:46+05:30] IP:[::1] User:admin Action:GET_TRANSACTIONS Resource:all Success:true
[2025-10-22T19:57:46+05:30] IP:[::1] User:admin Action:GET_ACCOUNTS Resource: Success:true
[2025-10-22T19:57:46+05:30] IP:[::1] User:admin Action:GET_DASHBOARD Resource: Success:true
[2025-10-22T19:57:48+05:30] IP:[::1] User:admin Action:GET_ACCOUNTS Resource: Success:true
[2025-10-22T19:57:51+05:30] IP:[::1] User:admin Action:GET_ACCOUNTS Resource: Success:true
[2025-10-22T19:57:54+05:30] IP:[::1] User:admin Action:GET_ACCOUNTS Resource: Success:true
[2025-10-22T19:57:58+05:30] IP:[::1] User:admin Action:DELETE_ACCOUNT Resource:Food & Dining Success:true
[2025-10-22T19:57:58+05:30] IP:[::1] User:admin Action:ADD_ACCOUNT_SUCCESS Resource:Food &amp; Dining Success:true
[2025-10-22T19:57:58+05:30] IP:[::1] User:admin Action:GET_ACCOUNTS Resource: Success:true
[2025-10-22T19:57:58+05:30] IP:[::1] User:admin Action:GET_DASHBOARD Resource: Success:true
[2025-10-22T19:58:01+05:30] IP:[::1] User:admin Action:GET_DASHBOARD Resource: Success:true
[2025-10-22T19:58:36+05:30] IP:[::1] User:admin Action:GET_ACCOUNTS Resource: Success:true
[2025-10-22T19:58:37+05:30] IP:[::1] User:admin Action:GET_DASHBOARD Resource: Success:true
[2025-10-22T19:58:37+05:30] IP:[::1] User:admin Action:GET_TRANSACTIONS Resource:all Success:true
[2025-10-22T19:59:03+05:30] IP:[::1] User:admin Action:GET_ACCOUNTS Resource: Success:true
[2025-10-22T20:26:34+05:30] IP:[::1] User:admin Action:LOGIN_SUCCESS Resource: Success:true
[2025-10-22T20:26:34+05:30] IP:[::1] User:admin Action:GET_ACCOUNTS Resource: Success:true
[2025-10-22T20:26:34+05:30] IP:[::1] User:admin Action:GET_DASHBOARD Resource: Success:true
[2025-10-22T20:26:34+05:30] IP:[::1] User:admin Action:GET_TRANSACTIONS Resource:all Success:true
[2025-10-22T20:26:37+05:30] IP:[::1] User:admin Action:GET_TRANSACTIONS Resource:all Success:true
[2025-10-22T20:26:43+05:30] IP:[::1] User:admin Action:GET_ACCOUNTS Resource: Success:true
[2025-10-22T20:26:53+05:30] IP:[::1] User:admin Action:GET_DASHBOARD Resource: Success:true
[2025-10-22T20:27:16+05:30] IP:[::1] User:admin Action:GET_RECURRENCES Resource: Success:true
[2025-10-22T20:27:16+05:30] IP:[::1] User:admin Action:GET_NOTES Resource: Success:true
[2025-10-22T20:28:31+05:30] IP:[::1] User:admin Action:GET_DASHBOARD Resource: Success:true
[2025-10-22T20:28:53+05:30] IP:[::1] User:admin Action:GET_TRANSACTIONS Resource:all Success:true
[2025-10-22T20:28:56+05:30] IP:[::1] User:admin Action:GET_ACCOUNTS Resource: Success:true
[2025-10-22T20:29:04+05:30] IP:[::1] User:admin Action:GET_TRANSACTIONS Resource:all Success:true
[2025-10-22T20:42:29+05:30] IP:[::1] User:admin Action:GET_DASHBOARD Resource: Success:true
[2025-10-22T20:43:45+05:30] IP:[::1] User:admin Action:GET_ACCOUNTS Resource: Success:true
[2025-10-22T20:43:53+05:30] IP:[::1] User:admin Action:GET_TRANSACTIONS Resource:all Success:true
[2025-10-22T20:44:10+05:30] IP:[::1] User:admin Action:ADD_TRANSACTION_SUCCESS Resource:TRAN091025204300 Success:true
[2025-10-22T20:44:10+05:30] IP:[::1] User:admin Action:GET_TRANSACTIONS Resource:all Success:true
[2025-10-22T20:44:10+05:30] IP:[::1] User:admin Action:GET_ACCOUNTS Resource: Success:true
[2025-10-22T20:44:10+05:30] IP:[::1] User:admin Action:GET_DASHBOARD Resource: Success:true
[2025-10-22T20:44:21+05:30] IP:[::1] User:admin Action:GET_DASHBOARD Resource: Success:true
[2025-10-22T20:44:46+05:30] IP:[::1] User:admin Action:GET_ACCOUNTS Resource: Success:true
[2025-10-22T20:44:48+05:30] IP:[::1] User:admin Action:GET_ACCOUNTS Resource: Success:true
[2025-10-22T20:44:54+05:30] IP:[::1] User:admin Action:DELETE_ACCOUNT Resource:Transportation Success:true
[2025-10-22T20:44:54+05:30] IP:[::1] User:admin Action:ADD_ACCOUNT_SUCCESS Resource:Transportation Success:true
[2025-10-22T20:44:54+05:30] IP:[::1] User:admin Action:GET_ACCOUNTS Resource: Success:true
[2025-10-22T20:44:54+05:30] IP:[::1] User:admin Action:GET_DASHBOARD Resource: Success:true
[2025-10-22T20:44:57+05:30] IP:[::1] User:admin Action:GET_DASHBOARD Resource: Success:true
[2025-10-22T20:45:43+05:30] IP:[::1] User:admin Action:GET_ACCOUNTS Resource: Success:true
[2025-10-22T20:46:03+05:30] IP:[::1] User:admin Action:GET_ACCOUNTS Resource: Success:true
[2025-10-22T20:46:07+05:30] IP:[::1] User:admin Action:GET_DASHBOARD Resource: Success:true
[2025-10-22T20:46:41+05:30] IP:[::1] User:admin Action:GET_TRANSACTIONS Resource:all Success:true
[2025-10-22T20:46:43+05:30] IP:[::1] User:admin Action:GET_ACCOUNTS Resource: Success:true
[2025-10-22T20:46:49+05:30] IP:[::1] User:admin Action:GET_DASHBOARD Resource: Success:true
[2025-10-22T20:49:43+05:30] IP:[::1] User:admin Action:GET_ACCOUNTS Resource: Success:true
[2025-10-22T20:49:46+05:30] IP:[::1] User:admin Action:GET_RECURRENCES Resource: Success:true
[2025-10-22T20:49:46+05:30] IP:[::1] User:admin Action:GET_NOTES Resource: Success:true
[2025-10-22T20:50:06+05:30] IP:[::1] User:admin Action:ADD_RECURRENCE_INVALID Resource: Success:false
[2025-10-22T20:50:11+05:30] IP:[::1] User:admin Action:ADD_RECURRENCE_INVALID Resource: Success:false
[2025-10-22T20:50:32+05:30] IP:[::1] User:admin Action:ADD_RECURRENCE_INVALID Resource: Success:false
[2025-10-22T20:50:42+05:30] IP:[::1] User:admin Action:GET_ACCOUNTS Resource: Success:true
[2025-10-22T20:50:43+05:30] IP:[::1] User:admin Action:GET_RECURRENCES Resource: Success:true
[2025-10-22T20:50:43+05:30] IP:[::1] User:admin Action:GET_NOTES Resource: Success:true
[2025-10-22T20:50:45+05:30] IP:[::1] User:admin Action:ADD_RECURRENCE_INVALID Resource: Success:false
[2025-10-22T20:50:52+05:30] IP:[::1] User:admin Action:GET_ACCOUNTS Resource: Success:true
[2025-10-22T20:51:07+05:30] IP:[::1] User:admin Action:GET_DASHBOARD Resource: Success:true
[2025-10-22T20:51:09+05:30] IP:[::1] User:admin Action:GET_TRANSACTIONS Resource:all Success:true
[2025-10-22T20:51:25+05:30] IP:[::1] User:admin Action:ADD_TRANSACTION_SUCCESS Resource:TRAN011025205100 Success:true
[2025-10-22T20:51:25+05:30] IP:[::1] User:admin Action:GET_TRANSACTIONS Resource:all Success:true
[2025-10-22T20:51:25+05:30] IP:[::1] User:admin Action:GET_ACCOUNTS Resource: Success:true
[2025-10-22T20:51:25+05:30] IP:[::1] User:admin Action:GET_DASHBOARD Resource: Success:true
[2025-10-22T20:51:30+05:30] IP:[::1] User:admin Action:GET_DASHBOARD Resource: Success:true
[2025-10-22T20:53:21+05:30] IP:[::1] User:admin Action:GET_TRANSACTIONS Resource:all Success:true
[2025-10-22T20:53:31+05:30] IP:[::1] User:admin Action:GET_ACCOUNTS Resource: Success:true
[2025-10-22T20:53:37+05:30] IP:[::1] User:admin Action:GET_ACCOUNTS Resource: Success:true
[2025-10-22T20:53:41+05:30] IP:[::1] User:admin Action:GET_ACCOUNTS Resource: Success:true
[2025-10-22T20:53:42+05:30] IP:[::1] User:admin Action:GET_TRANSACTIONS Resource:all Success:true
[2025-10-22T20:53:50+05:30] IP:[::1] User:admin Action:ADD_TRANSACTION_SUCCESS Resource:TRAN091025021300 Success:true
[2025-10-22T20:53:50+05:30] IP:[::1] User:admin Action:GET_ACCOUNTS Resource: Success:true
[2025-10-22T20:53:50+05:30] IP:[::1] User:admin Action:GET_DASHBOARD Resource: Success:true
[2025-10-22T20:53:50+05:30] IP:[::1] User:admin Action:GET_TRANSACTIONS Resource:all Success:true
[2025-10-22T20:53:52+05:30] IP:[::1] User:admin Action:GET_DASHBOARD Resource: Success:true
