[2025-10-21T11:41:55+05:30] IP:[::1] User:unknown Action:LOGIN_FAILED Resource:invalid_password Success:false
[2025-10-21T11:42:02+05:30] IP:[::1] User:unknown Action:LOGIN_FAILED Resource:invalid_password Success:false
[2025-10-21T11:42:07+05:30] IP:[::1] User:unknown Action:LOGIN_FAILED Resource:invalid_password Success:false
[2025-10-21T11:42:14+05:30] IP:[::1] User:unknown Action:LOGIN_FAILED Resource:invalid_password Success:false
[2025-10-21T11:42:22+05:30] IP:[::1] User:unknown Action:LOGIN_FAILED Resource:invalid_password Success:false
[2025-10-21T11:43:34+05:30] IP:[::1] User:admin Action:LOGIN_SUCCESS Resource: Success:true
[2025-10-21T11:43:34+05:30] IP:[::1]:50978 User:unknown Action:ACCESS_DENIED Resource:/api/accounts Success:false
[2025-10-21T11:43:39+05:30] IP:[::1]:50978 User:unknown Action:ACCESS_DENIED Resource:/api/transactions Success:false
[2025-10-21T11:43:40+05:30] IP:[::1]:50978 User:unknown Action:ACCESS_DENIED Resource:/api/accounts Success:false
[2025-10-21T11:43:41+05:30] IP:[::1]:50978 User:unknown Action:ACCESS_DENIED Resource:/api/recurrence Success:false
[2025-10-21T11:43:41+05:30] IP:[::1]:35836 User:unknown Action:ACCESS_DENIED Resource:/api/notes Success:false
[2025-10-21T11:43:42+05:30] IP:[::1]:35836 User:unknown Action:ACCESS_DENIED Resource:/api/accounts Success:false
[2025-10-21T11:43:43+05:30] IP:[::1]:35836 User:unknown Action:ACCESS_DENIED Resource:/api/transactions Success:false
[2025-10-21T11:43:44+05:30] IP:[::1]:35836 User:unknown Action:ACCESS_DENIED Resource:/api/dashboard Success:false
[2025-10-21T11:43:47+05:30] IP:[::1]:35836 User:unknown Action:ACCESS_DENIED Resource:/api/settings Success:false
[2025-10-21T11:43:48+05:30] IP:[::1]:35836 User:unknown Action:ACCESS_DENIED Resource:/api/settings Success:false
[2025-10-21T11:43:50+05:30] IP:[::1]:35836 User:unknown Action:ACCESS_DENIED Resource:/api/transactions Success:false
[2025-10-21T11:46:22+05:30] IP:[::1] User:admin Action:LOGIN_SUCCESS Resource: Success:true
[2025-10-21T11:46:22+05:30] IP:[::1]:35836 User:unknown Action:ACCESS_DENIED Resource:/api/accounts Success:false
[2025-10-21T11:53:31+05:30] IP:[::1] User:admin Action:LOGIN_SUCCESS Resource: Success:true
[2025-10-21T11:53:31+05:30] IP:[::1]:36102 User:unknown Action:ACCESS_DENIED Resource:/api/accounts Success:false
[2025-10-21T11:53:43+05:30] IP:[::1]:36102 User:unknown Action:ACCESS_DENIED Resource:/api/dashboard Success:false
[2025-10-21T11:53:50+05:30] IP:[::1] User:admin Action:LOGIN_SUCCESS Resource: Success:true
[2025-10-21T11:53:50+05:30] IP:[::1] User:admin Action:GET_ACCOUNTS Resource: Success:true
[2025-10-21T11:53:50+05:30] IP:[::1] User:admin Action:GET_DASHBOARD Resource: Success:true
[2025-10-21T11:53:50+05:30] IP:[::1] User:admin Action:GET_TRANSACTIONS Resource:202510 Success:true
[2025-10-21T11:53:55+05:30] IP:[::1] User:admin Action:GET_TRANSACTIONS Resource:202510 Success:true
[2025-10-21T11:53:56+05:30] IP:[::1] User:admin Action:GET_ACCOUNTS Resource: Success:true
[2025-10-21T11:53:57+05:30] IP:[::1] User:admin Action:GET_RECURRENCES Resource: Success:true
[2025-10-21T11:53:57+05:30] IP:[::1] User:admin Action:GET_NOTES Resource: Success:true
[2025-10-21T11:54:06+05:30] IP:[::1] User:admin Action:GET_DASHBOARD Resource: Success:true
[2025-10-21T11:56:11+05:30] IP:[::1] User:admin Action:LOGIN_SUCCESS Resource: Success:true
[2025-10-21T11:56:11+05:30] IP:[::1]:36102 User:unknown Action:ACCESS_DENIED Resource:/api/accounts Success:false
[2025-10-21T11:56:19+05:30] IP:[::1]:36102 User:unknown Action:ACCESS_DENIED Resource:/api/dashboard Success:false
[2025-10-21T11:56:26+05:30] IP:[::1] User:admin Action:LOGIN_SUCCESS Resource: Success:true
[2025-10-21T11:56:27+05:30] IP:[::1] User:admin Action:GET_ACCOUNTS Resource: Success:true
[2025-10-21T11:56:27+05:30] IP:[::1] User:admin Action:GET_DASHBOARD Resource: Success:true
[2025-10-21T11:56:27+05:30] IP:[::1] User:admin Action:GET_TRANSACTIONS Resource:202510 Success:true
[2025-10-21T11:56:29+05:30] IP:[::1] User:admin Action:GET_DASHBOARD Resource: Success:true
[2025-10-21T12:04:17+05:30] IP:[::1] User:admin Action:GET_ACCOUNTS Resource: Success:true
[2025-10-21T12:04:17+05:30] IP:[::1] User:admin Action:GET_DASHBOARD Resource: Success:true
[2025-10-21T12:04:17+05:30] IP:[::1] User:admin Action:GET_TRANSACTIONS Resource:202510 Success:true
[2025-10-21T12:04:21+05:30] IP:[::1] User:admin Action:GET_TRANSACTIONS Resource:202510 Success:true
[2025-10-21T12:04:22+05:30] IP:[::1] User:admin Action:GET_ACCOUNTS Resource: Success:true
[2025-10-21T12:04:23+05:30] IP:[::1] User:admin Action:GET_RECURRENCES Resource: Success:true
[2025-10-21T12:04:23+05:30] IP:[::1] User:admin Action:GET_NOTES Resource: Success:true
[2025-10-21T12:04:24+05:30] IP:[::1] User:admin Action:GET_DASHBOARD Resource: Success:true
[2025-10-21T15:50:40+05:30] IP:[::1] User:admin Action:GET_ACCOUNTS Resource: Success:true
[2025-10-21T15:50:40+05:30] IP:[::1] User:admin Action:GET_DASHBOARD Resource: Success:true
[2025-10-21T15:50:40+05:30] IP:[::1] User:admin Action:GET_TRANSACTIONS Resource:202510 Success:true
[2025-10-21T15:50:42+05:30] IP:[::1] User:admin Action:GET_TRANSACTIONS Resource:202510 Success:true
[2025-10-21T15:50:45+05:30] IP:[::1] User:admin Action:GET_ACCOUNTS Resource: Success:true
[2025-10-21T15:50:52+05:30] IP:[::1] User:admin Action:GET_TRANSACTIONS Resource:202510 Success:true
[2025-10-21T15:51:04+05:30] IP:[::1] User:admin Action:ADD_TRANSACTION_SUCCESS Resource:TRAN211025155000 Success:true
[2025-10-21T15:51:04+05:30] IP:[::1] User:admin Action:GET_ACCOUNTS Resource: Success:true
[2025-10-21T15:51:04+05:30] IP:[::1] User:admin Action:GET_TRANSACTIONS Resource:202510 Success:true
[2025-10-21T15:51:04+05:30] IP:[::1] User:admin Action:GET_DASHBOARD Resource: Success:true
[2025-10-21T15:51:06+05:30] IP:[::1] User:admin Action:GET_DASHBOARD Resource: Success:true
[2025-10-21T15:51:08+05:30] IP:[::1] User:admin Action:GET_TRANSACTIONS Resource:202510 Success:true
[2025-10-21T15:51:10+05:30] IP:[::1] User:admin Action:GET_DASHBOARD Resource: Success:true
[2025-10-21T15:51:14+05:30] IP:[::1] User:admin Action:GET_TRANSACTIONS Resource:202510 Success:true
[2025-10-21T15:51:21+05:30] IP:[::1] User:admin Action:GET_ACCOUNTS Resource: Success:true
[2025-10-21T15:51:24+05:30] IP:[::1] User:admin Action:GET_TRANSACTIONS Resource:202510 Success:true
[2025-10-21T15:51:25+05:30] IP:[::1] User:admin Action:GET_DASHBOARD Resource: Success:true
[2025-10-21T15:51:26+05:30] IP:[::1] User:admin Action:GET_TRANSACTIONS Resource:202510 Success:true
[2025-10-21T15:51:30+05:30] IP:[::1] User:admin Action:GET_RECURRENCES Resource: Success:true
[2025-10-21T15:51:30+05:30] IP:[::1] User:admin Action:GET_NOTES Resource: Success:true
[2025-10-21T15:58:30+05:30] IP:[::1] User:admin Action:GET_ACCOUNTS Resource: Success:true
[2025-10-21T15:58:30+05:30] IP:[::1] User:admin Action:GET_DASHBOARD Resource: Success:true
[2025-10-21T15:58:30+05:30] IP:[::1] User:admin Action:GET_TRANSACTIONS Resource:202510 Success:true
[2025-10-21T15:58:32+05:30] IP:[::1] User:admin Action:GET_TRANSACTIONS Resource:202510 Success:true
[2025-10-21T15:58:36+05:30] IP:[::1] User:admin Action:GET_ACCOUNTS Resource: Success:true
[2025-10-21T15:58:38+05:30] IP:[::1] User:admin Action:GET_ACCOUNTS Resource: Success:true
[2025-10-21T15:58:38+05:30] IP:[::1] User:admin Action:GET_DASHBOARD Resource: Success:true
[2025-10-21T15:58:38+05:30] IP:[::1] User:admin Action:GET_TRANSACTIONS Resource:202510 Success:true
[2025-10-21T15:59:03+05:30] IP:[::1] User:admin Action:LOGIN_SUCCESS Resource: Success:true
[2025-10-21T15:59:03+05:30] IP:[::1] User:admin Action:GET_ACCOUNTS Resource: Success:true
[2025-10-21T15:59:03+05:30] IP:[::1] User:admin Action:GET_DASHBOARD Resource: Success:true
[2025-10-21T15:59:03+05:30] IP:[::1] User:admin Action:GET_TRANSACTIONS Resource:202510 Success:true
[2025-10-21T15:59:04+05:30] IP:[::1] User:admin Action:GET_TRANSACTIONS Resource:202510 Success:true
[2025-10-21T16:03:11+05:30] IP:[::1] User:admin Action:GET_ACCOUNTS Resource: Success:true
[2025-10-21T16:03:11+05:30] IP:[::1] User:admin Action:GET_DASHBOARD Resource: Success:true
[2025-10-21T16:03:11+05:30] IP:[::1] User:admin Action:GET_TRANSACTIONS Resource:202510 Success:true
[2025-10-21T16:03:13+05:30] IP:[::1] User:admin Action:GET_TRANSACTIONS Resource:202510 Success:true
[2025-10-21T16:03:23+05:30] IP:[::1] User:admin Action:ADD_TRANSACTION_SUCCESS Resource:TRAN211025212000 Success:true
[2025-10-21T16:03:23+05:30] IP:[::1] User:admin Action:GET_TRANSACTIONS Resource:202510 Success:true
[2025-10-21T16:03:23+05:30] IP:[::1] User:admin Action:GET_ACCOUNTS Resource: Success:true
[2025-10-21T16:03:23+05:30] IP:[::1] User:admin Action:GET_DASHBOARD Resource: Success:true
[2025-10-21T16:03:24+05:30] IP:[::1] User:admin Action:GET_DASHBOARD Resource: Success:true
[2025-10-21T16:03:27+05:30] IP:[::1] User:admin Action:GET_TRANSACTIONS Resource:202510 Success:true
[2025-10-21T16:03:31+05:30] IP:[::1] User:admin Action:ADD_TRANSACTION_SUCCESS Resource:TRAN211025025000 Success:true
[2025-10-21T16:03:31+05:30] IP:[::1] User:admin Action:GET_TRANSACTIONS Resource:202510 Success:true
[2025-10-21T16:03:31+05:30] IP:[::1] User:admin Action:GET_ACCOUNTS Resource: Success:true
[2025-10-21T16:03:31+05:30] IP:[::1] User:admin Action:GET_DASHBOARD Resource: Success:true
[2025-10-21T16:03:32+05:30] IP:[::1] User:admin Action:GET_DASHBOARD Resource: Success:true
[2025-10-21T16:03:38+05:30] IP:[::1] User:admin Action:GET_TRANSACTIONS Resource:202510 Success:true
[2025-10-21T16:03:39+05:30] IP:[::1] User:admin Action:GET_DASHBOARD Resource: Success:true
[2025-10-21T16:03:43+05:30] IP:[::1] User:admin Action:GET_DASHBOARD Resource: Success:true
[2025-10-21T16:03:44+05:30] IP:[::1] User:admin Action:GET_TRANSACTIONS Resource:202510 Success:true
[2025-10-21T16:03:48+05:30] IP:[::1] User:admin Action:ADD_TRANSACTION_SUCCESS Resource:TRAN211025082000 Success:true
[2025-10-21T16:03:48+05:30] IP:[::1] User:admin Action:GET_ACCOUNTS Resource: Success:true
[2025-10-21T16:03:48+05:30] IP:[::1] User:admin Action:GET_TRANSACTIONS Resource:202510 Success:true
[2025-10-21T16:03:48+05:30] IP:[::1] User:admin Action:GET_DASHBOARD Resource: Success:true
[2025-10-21T16:03:49+05:30] IP:[::1] User:admin Action:GET_DASHBOARD Resource: Success:true
[2025-10-21T16:03:54+05:30] IP:[::1] User:admin Action:GET_TRANSACTIONS Resource:202510 Success:true
[2025-10-21T16:04:00+05:30] IP:[::1] User:admin Action:ADD_TRANSACTION_SUCCESS Resource:TRAN211025135000 Success:true
[2025-10-21T16:04:00+05:30] IP:[::1] User:admin Action:GET_TRANSACTIONS Resource:202510 Success:true
[2025-10-21T16:04:00+05:30] IP:[::1] User:admin Action:GET_ACCOUNTS Resource: Success:true
[2025-10-21T16:04:00+05:30] IP:[::1] User:admin Action:GET_DASHBOARD Resource: Success:true
[2025-10-21T16:04:02+05:30] IP:[::1] User:admin Action:GET_DASHBOARD Resource: Success:true
[2025-10-21T16:04:50+05:30] IP:[::1] User:admin Action:GET_DASHBOARD Resource: Success:true
[2025-10-21T16:14:37+05:30] IP:[::1] User:admin Action:GET_TRANSACTIONS Resource:202510 Success:true
[2025-10-21T16:14:47+05:30] IP:[::1] User:admin Action:ADD_TRANSACTION_SUCCESS Resource:TRAN211025192000 Success:true
[2025-10-21T16:14:47+05:30] IP:[::1] User:admin Action:GET_TRANSACTIONS Resource:202510 Success:true
[2025-10-21T16:14:47+05:30] IP:[::1] User:admin Action:GET_ACCOUNTS Resource: Success:true
[2025-10-21T16:14:47+05:30] IP:[::1] User:admin Action:GET_DASHBOARD Resource: Success:true
[2025-10-21T16:14:48+05:30] IP:[::1] User:admin Action:GET_DASHBOARD Resource: Success:true
[2025-10-21T16:14:55+05:30] IP:[::1] User:admin Action:GET_TRANSACTIONS Resource:202510 Success:true
[2025-10-21T16:33:58+05:30] IP:[::1] User:admin Action:GET_DASHBOARD Resource: Success:true
[2025-10-21T16:34:02+05:30] IP:[::1] User:admin Action:GET_ACCOUNTS Resource: Success:true
[2025-10-21T16:34:04+05:30] IP:[::1] User:admin Action:GET_DASHBOARD Resource: Success:true
[2025-10-21T16:34:07+05:30] IP:[::1] User:admin Action:GET_ACCOUNTS Resource: Success:true
[2025-10-21T16:34:09+05:30] IP:[::1] User:admin Action:GET_RECURRENCES Resource: Success:true
[2025-10-21T16:34:09+05:30] IP:[::1] User:admin Action:GET_NOTES Resource: Success:true
[2025-10-21T16:34:14+05:30] IP:[::1] User:admin Action:GET_TRANSACTIONS Resource:202510 Success:true
[2025-10-21T16:34:16+05:30] IP:[::1] User:admin Action:GET_DASHBOARD Resource: Success:true
[2025-10-21T16:34:19+05:30] IP:[::1] User:admin Action:GET_ACCOUNTS Resource: Success:true
[2025-10-21T16:34:23+05:30] IP:[::1] User:admin Action:GET_TRANSACTIONS Resource:202510 Success:true
[2025-10-21T16:34:42+05:30] IP:[::1] User:admin Action:ADD_TRANSACTION_SUCCESS Resource:TRAN211025163400 Success:true
[2025-10-21T16:34:42+05:30] IP:[::1] User:admin Action:GET_ACCOUNTS Resource: Success:true
[2025-10-21T16:34:42+05:30] IP:[::1] User:admin Action:GET_TRANSACTIONS Resource:202510 Success:true
[2025-10-21T16:34:42+05:30] IP:[::1] User:admin Action:GET_DASHBOARD Resource: Success:true
[2025-10-21T16:34:49+05:30] IP:[::1] User:admin Action:GET_DASHBOARD Resource: Success:true
[2025-10-21T16:35:01+05:30] IP:[::1] User:admin Action:GET_TRANSACTIONS Resource:202510 Success:true
[2025-10-21T16:35:02+05:30] IP:[::1] User:admin Action:GET_ACCOUNTS Resource: Success:true
[2025-10-21T16:35:10+05:30] IP:[::1] User:admin Action:GET_RECURRENCES Resource: Success:true
[2025-10-21T16:35:10+05:30] IP:[::1] User:admin Action:GET_NOTES Resource: Success:true
[2025-10-21T16:35:13+05:30] IP:[::1] User:admin Action:GET_DASHBOARD Resource: Success:true
[2025-10-21T16:35:17+05:30] IP:[::1] User:admin Action:GET_TRANSACTIONS Resource:202510 Success:true
[2025-10-21T16:35:18+05:30] IP:[::1] User:admin Action:GET_DASHBOARD Resource: Success:true
[2025-10-21T17:09:41+05:30] IP:[::1] User:admin Action:GET_TRANSACTIONS Resource:202510 Success:true
[2025-10-21T17:10:14+05:30] IP:[::1] User:admin Action:ADD_TRANSACTION_SUCCESS Resource:TRAN200925005000 Success:true
[2025-10-21T17:10:14+05:30] IP:[::1] User:admin Action:GET_TRANSACTIONS Resource:202510 Success:true
[2025-10-21T17:10:14+05:30] IP:[::1] User:admin Action:GET_ACCOUNTS Resource: Success:true
[2025-10-21T17:10:14+05:30] IP:[::1] User:admin Action:GET_DASHBOARD Resource: Success:true
[2025-10-21T17:10:19+05:30] IP:[::1] User:admin Action:GET_DASHBOARD Resource: Success:true
[2025-10-21T17:10:24+05:30] IP:[::1] User:admin Action:GET_TRANSACTIONS Resource:202510 Success:true
[2025-10-21T17:10:25+05:30] IP:[::1] User:admin Action:GET_ACCOUNTS Resource: Success:true
[2025-10-21T17:10:30+05:30] IP:[::1] User:admin Action:GET_TRANSACTIONS Resource:202510 Success:true
[2025-10-21T17:13:47+05:30] IP:[::1] User:admin Action:ADD_TRANSACTION_SUCCESS Resource:TRAN210925171300 Success:true
[2025-10-21T17:13:47+05:30] IP:[::1] User:admin Action:GET_ACCOUNTS Resource: Success:true
[2025-10-21T17:13:47+05:30] IP:[::1] User:admin Action:GET_TRANSACTIONS Resource:202510 Success:true
[2025-10-21T17:13:47+05:30] IP:[::1] User:admin Action:GET_DASHBOARD Resource: Success:true
[2025-10-21T17:15:17+05:30] IP:[::1] User:admin Action:GET_ACCOUNTS Resource: Success:true
[2025-10-21T17:15:17+05:30] IP:[::1] User:admin Action:GET_DASHBOARD Resource: Success:true
[2025-10-21T17:15:17+05:30] IP:[::1] User:admin Action:GET_TRANSACTIONS Resource:202510 Success:true
[2025-10-21T17:15:18+05:30] IP:[::1] User:admin Action:GET_TRANSACTIONS Resource:202510 Success:true
[2025-10-21T17:15:23+05:30] IP:[::1] User:admin Action:GET_ACCOUNTS Resource: Success:true
[2025-10-21T17:15:23+05:30] IP:[::1] User:admin Action:GET_DASHBOARD Resource: Success:true
[2025-10-21T17:15:23+05:30] IP:[::1] User:admin Action:GET_TRANSACTIONS Resource:202510 Success:true
[2025-10-21T17:15:25+05:30] IP:[::1] User:admin Action:GET_TRANSACTIONS Resource:202510 Success:true
[2025-10-21T17:16:58+05:30] IP:[::1] User:admin Action:GET_ACCOUNTS Resource: Success:true
[2025-10-21T17:16:58+05:30] IP:[::1] User:admin Action:GET_DASHBOARD Resource: Success:true
[2025-10-21T17:16:58+05:30] IP:[::1] User:admin Action:GET_TRANSACTIONS Resource:202510 Success:true
[2025-10-21T17:16:59+05:30] IP:[::1] User:admin Action:GET_TRANSACTIONS Resource:202510 Success:true
[2025-10-21T17:17:45+05:30] IP:[::1] User:admin Action:GET_ACCOUNTS Resource: Success:true
[2025-10-21T17:17:45+05:30] IP:[::1] User:admin Action:GET_DASHBOARD Resource: Success:true
[2025-10-21T17:17:45+05:30] IP:[::1] User:admin Action:GET_TRANSACTIONS Resource:202510 Success:true
[2025-10-21T17:17:47+05:30] IP:[::1] User:admin Action:GET_TRANSACTIONS Resource:202510 Success:true
[2025-10-21T17:18:04+05:30] IP:[::1] User:admin Action:GET_ACCOUNTS Resource: Success:true
[2025-10-21T17:18:04+05:30] IP:[::1] User:admin Action:GET_DASHBOARD Resource: Success:true
[2025-10-21T17:18:04+05:30] IP:[::1] User:admin Action:GET_TRANSACTIONS Resource:202510 Success:true
[2025-10-21T17:18:05+05:30] IP:[::1] User:admin Action:GET_TRANSACTIONS Resource:202510 Success:true
[2025-10-21T17:23:22+05:30] IP:[::1] User:admin Action:GET_DASHBOARD Resource: Success:true
[2025-10-22T12:08:01+05:30] IP:[::1] User:admin Action:GET_ACCOUNTS Resource: Success:true
[2025-10-22T12:08:01+05:30] IP:[::1] User:admin Action:GET_DASHBOARD Resource: Success:true
[2025-10-22T12:08:01+05:30] IP:[::1] User:admin Action:GET_TRANSACTIONS Resource:202510 Success:true
[2025-10-22T12:08:02+05:30] IP:[::1] User:admin Action:GET_TRANSACTIONS Resource:202510 Success:true
[2025-10-22T19:52:57+05:30] IP:[::1] User:admin Action:GET_ACCOUNTS Resource: Success:true
[2025-10-22T19:52:57+05:30] IP:[::1] User:admin Action:GET_DASHBOARD Resource: Success:true
[2025-10-22T19:52:57+05:30] IP:[::1] User:admin Action:GET_TRANSACTIONS Resource:all Success:true
[2025-10-22T19:52:59+05:30] IP:[::1] User:admin Action:GET_TRANSACTIONS Resource:all Success:true
[2025-10-22T19:53:38+05:30] IP:[::1] User:admin Action:GET_DASHBOARD Resource: Success:true
